[2023-12-04 00:36:57,622] root - INFO - Entered the start_data_ingestion method of TrainPipeline class
[2023-12-04 00:36:57,623] root - INFO - Getting the data from mongodb
[2023-12-04 00:36:57,688] root - INFO - Exporting data from mongodb to feature store
[2023-12-04 00:37:08,801] root - INFO - Saving exported data into feature store file path: artifact/12_04_2023_00_36_56/data_ingestion/feature_store/sensor.csv
[2023-12-04 00:37:15,223] root - INFO - Entered split_data_as_train_test method of Data_Ingestion class
[2023-12-04 00:37:15,223] root - INFO - starting train, test split
[2023-12-04 00:37:15,279] root - INFO - Performed train test split on the dataframe
[2023-12-04 00:37:15,279] root - INFO - Exited split_data_as_train_test method of Data_Ingestion class
[2023-12-04 00:37:15,279] root - INFO - Exporting train and test file path.
[2023-12-04 00:37:21,499] root - INFO - Exported train and test file path.
[2023-12-04 00:37:21,592] root - INFO - Got the train_set and test_set from mongodb
[2023-12-04 00:37:21,592] root - INFO - Exited the start_data_ingestion method of TrainPipeline class
[2023-12-04 00:37:21,592] root - INFO - Entered the start_data_validation method of TrainPipeline class
[2023-12-04 00:37:22,538] root - INFO - Required number of columns: 164
[2023-12-04 00:37:22,538] root - INFO - Data frame has columns: 164
[2023-12-04 00:37:22,538] root - INFO - Required number of columns: 164
[2023-12-04 00:37:22,538] root - INFO - Data frame has columns: 164
[2023-12-04 00:37:22,539] root - INFO - Missing numerical columns: [[]]
[2023-12-04 00:37:22,539] root - INFO - Missing numerical columns: [[]]
[2023-12-04 00:37:24,069] root - INFO - Data validation artifact: DataValidationArtifact(validation_status=False, valid_train_file_path='artifact/12_04_2023_00_36_56/data_ingestion/ingested/train.csv', valid_test_file_path='artifact/12_04_2023_00_36_56/data_ingestion/ingested/test.csv', invalid_train_file_path=None, invalid_test_file_path=None, drift_report_file_path='artifact/12_04_2023_00_36_56/data_validation/drift_report/report.yaml')
[2023-12-04 00:37:24,070] root - INFO - Performed the data validation operation
[2023-12-04 00:37:24,070] root - INFO - Exited the start_data_validation method of TrainPipeline class
