[2023-12-05 01:42:31,234] root - INFO - Entered the start_data_ingestion method of TrainPipeline class
[2023-12-05 01:42:31,234] root - INFO - Getting the data from mongodb
[2023-12-05 01:42:31,279] root - INFO - Exporting data from mongodb to feature store
[2023-12-05 01:42:39,686] root - INFO - Saving exported data into feature store file path: artifact/12_05_2023_01_42_30/data_ingestion/feature_store/sensor.csv
[2023-12-05 01:42:44,331] root - INFO - Entered split_data_as_train_test method of Data_Ingestion class
[2023-12-05 01:42:44,331] root - INFO - starting train, test split
[2023-12-05 01:42:44,369] root - INFO - Performed train test split on the dataframe
[2023-12-05 01:42:44,369] root - INFO - Exited split_data_as_train_test method of Data_Ingestion class
[2023-12-05 01:42:44,369] root - INFO - Exporting train and test file path.
[2023-12-05 01:42:48,865] root - INFO - Exported train and test file path.
[2023-12-05 01:42:48,947] root - INFO - Got the train_set and test_set from mongodb
[2023-12-05 01:42:48,947] root - INFO - Exited the start_data_ingestion method of TrainPipeline class
[2023-12-05 01:42:48,947] root - INFO - Entered the start_data_validation method of TrainPipeline class
[2023-12-05 01:42:49,638] root - INFO - Required number of columns: 164
[2023-12-05 01:42:49,638] root - INFO - Data frame has columns: 164
[2023-12-05 01:42:49,638] root - INFO - Required number of columns: 164
[2023-12-05 01:42:49,638] root - INFO - Data frame has columns: 164
[2023-12-05 01:42:49,638] root - INFO - Missing numerical columns: [[]]
[2023-12-05 01:42:49,639] root - INFO - Missing numerical columns: [[]]
[2023-12-05 01:42:50,868] root - INFO - Data validation artifact: DataValidationArtifact(validation_status=False, valid_train_file_path='artifact/12_05_2023_01_42_30/data_ingestion/ingested/train.csv', valid_test_file_path='artifact/12_05_2023_01_42_30/data_ingestion/ingested/test.csv', invalid_train_file_path=None, invalid_test_file_path=None, drift_report_file_path='artifact/12_05_2023_01_42_30/data_validation/drift_report/report.yaml')
[2023-12-05 01:42:50,869] root - INFO - Performed the data validation operation
[2023-12-05 01:42:50,869] root - INFO - Exited the start_data_validation method of TrainPipeline class
[2023-12-05 01:42:50,869] root - INFO - Entered the start_data_transformation method of TrainPipeline class
