[2023-12-05 23:26:09,972] root - INFO - Entered the start_data_ingestion method of TrainPipeline class
[2023-12-05 23:26:09,972] root - INFO - Getting the data from mongodb
[2023-12-05 23:26:10,017] root - INFO - Exporting data from mongodb to feature store
[2023-12-05 23:26:19,760] root - INFO - Saving exported data into feature store file path: artifact/12_05_2023_23_26_08/data_ingestion/feature_store/sensor.csv
[2023-12-05 23:26:24,616] root - INFO - Entered split_data_as_train_test method of Data_Ingestion class
[2023-12-05 23:26:24,617] root - INFO - starting train, test split
[2023-12-05 23:26:24,676] root - INFO - Performed train test split on the dataframe
[2023-12-05 23:26:24,676] root - INFO - Exited split_data_as_train_test method of Data_Ingestion class
[2023-12-05 23:26:24,676] root - INFO - Exporting train and test file path.
[2023-12-05 23:26:29,288] root - INFO - Exported train and test file path.
[2023-12-05 23:26:29,431] root - INFO - Got the train_set and test_set from mongodb
[2023-12-05 23:26:29,432] root - INFO - Exited the start_data_ingestion method of TrainPipeline class
[2023-12-05 23:26:29,432] root - INFO - Entered the start_data_validation method of TrainPipeline class
[2023-12-05 23:26:30,156] root - INFO - Required number of columns: 164
[2023-12-05 23:26:30,157] root - INFO - Data frame has columns: 164
[2023-12-05 23:26:30,157] root - INFO - Required number of columns: 164
[2023-12-05 23:26:30,157] root - INFO - Data frame has columns: 164
[2023-12-05 23:26:30,157] root - INFO - Missing numerical columns: [[]]
[2023-12-05 23:26:30,157] root - INFO - Missing numerical columns: [[]]
[2023-12-05 23:26:31,387] root - INFO - Data validation artifact: DataValidationArtifact(validation_status=False, valid_train_file_path='artifact/12_05_2023_23_26_08/data_ingestion/ingested/train.csv', valid_test_file_path='artifact/12_05_2023_23_26_08/data_ingestion/ingested/test.csv', invalid_train_file_path=None, invalid_test_file_path=None, drift_report_file_path='artifact/12_05_2023_23_26_08/data_validation/drift_report/report.yaml')
[2023-12-05 23:26:31,388] root - INFO - Performed the data validation operation
[2023-12-05 23:26:31,388] root - INFO - Exited the start_data_validation method of TrainPipeline class
[2023-12-05 23:26:31,388] root - INFO - Entered the start_data_transformation method of TrainPipeline class
[2023-12-05 23:26:31,389] root - INFO - Starting data transformation
[2023-12-05 23:26:31,389] root - INFO - Entered get_data_transformer_object method of DataTransformation class
[2023-12-05 23:26:31,389] root - INFO - Got numerical cols from schema config
[2023-12-05 23:26:31,389] root - INFO - Initialized RobustScaler, Simple Imputer
[2023-12-05 23:26:31,389] root - INFO - Created preprocessor object from ColumnTransformer
[2023-12-05 23:26:31,389] root - INFO - Exited get_data_transformer_object method of DataTransformation class
[2023-12-05 23:26:31,389] root - INFO - Got the preprocessor object
[2023-12-05 23:26:32,099] root - INFO - Got train features and test features of Training dataset
[2023-12-05 23:26:32,109] root - INFO - Got train features and test features of Testing dataset
[2023-12-05 23:26:32,109] root - INFO - Applying preprocessing object on training dataframe and testing dataframe
[2023-12-05 23:26:32,428] root - INFO - Used the preprocessor object to fit transform the train features
[2023-12-05 23:26:32,457] root - INFO - Used the preprocessor object to transform the test features
[2023-12-05 23:26:32,457] root - INFO - Applying SMOTETomek on Training dataset
[2023-12-05 23:26:37,275] root - INFO - Applied SMOTETomek on training dataset
[2023-12-05 23:26:37,275] root - INFO - Applying SMOTETomek on testing dataset
[2023-12-05 23:26:37,807] root - INFO - Applied SMOTETomek on testing dataset
[2023-12-05 23:26:37,807] root - INFO - Created train array and test array
[2023-12-05 23:26:37,843] root - INFO - Entered the save_object method of MainUtils class
[2023-12-05 23:26:37,847] root - INFO - Exited the save_object method of MainUtils class
[2023-12-05 23:26:37,976] root - INFO - Saved the preprocessor object
[2023-12-05 23:26:37,976] root - INFO - Exited initiate_data_transformation method of Data_Transformation class
[2023-12-05 23:26:37,979] root - INFO - Performed the data transformation operation
[2023-12-05 23:26:37,979] root - INFO - Exited the start_data_transformation method of TrainPipeline class
[2023-12-05 23:26:37,979] root - INFO - Entering the start_model_trainer
