[2023-12-05 23:23:44,395] root - INFO - Entered the start_data_ingestion method of TrainPipeline class
[2023-12-05 23:23:44,395] root - INFO - Getting the data from mongodb
[2023-12-05 23:23:44,456] root - INFO - Exporting data from mongodb to feature store
[2023-12-05 23:23:55,742] root - INFO - Saving exported data into feature store file path: artifact/12_05_2023_23_23_42/data_ingestion/feature_store/sensor.csv
[2023-12-05 23:24:02,105] root - INFO - Entered split_data_as_train_test method of Data_Ingestion class
[2023-12-05 23:24:02,105] root - INFO - starting train, test split
[2023-12-05 23:24:02,164] root - INFO - Performed train test split on the dataframe
[2023-12-05 23:24:02,165] root - INFO - Exited split_data_as_train_test method of Data_Ingestion class
[2023-12-05 23:24:02,165] root - INFO - Exporting train and test file path.
[2023-12-05 23:24:08,349] root - INFO - Exported train and test file path.
[2023-12-05 23:24:08,495] root - INFO - Got the train_set and test_set from mongodb
[2023-12-05 23:24:08,495] root - INFO - Exited the start_data_ingestion method of TrainPipeline class
[2023-12-05 23:24:08,495] root - INFO - Entered the start_data_validation method of TrainPipeline class
[2023-12-05 23:24:09,440] root - INFO - Required number of columns: 164
[2023-12-05 23:24:09,441] root - INFO - Data frame has columns: 164
[2023-12-05 23:24:09,441] root - INFO - Required number of columns: 164
[2023-12-05 23:24:09,441] root - INFO - Data frame has columns: 164
[2023-12-05 23:24:09,441] root - INFO - Missing numerical columns: [[]]
[2023-12-05 23:24:09,441] root - INFO - Missing numerical columns: [[]]
[2023-12-05 23:24:11,128] root - INFO - Data validation artifact: DataValidationArtifact(validation_status=False, valid_train_file_path='artifact/12_05_2023_23_23_42/data_ingestion/ingested/train.csv', valid_test_file_path='artifact/12_05_2023_23_23_42/data_ingestion/ingested/test.csv', invalid_train_file_path=None, invalid_test_file_path=None, drift_report_file_path='artifact/12_05_2023_23_23_42/data_validation/drift_report/report.yaml')
[2023-12-05 23:24:11,129] root - INFO - Performed the data validation operation
[2023-12-05 23:24:11,129] root - INFO - Exited the start_data_validation method of TrainPipeline class
[2023-12-05 23:24:11,129] root - INFO - Entered the start_data_transformation method of TrainPipeline class
[2023-12-05 23:24:11,129] root - INFO - Starting data transformation
[2023-12-05 23:24:11,129] root - INFO - Entered get_data_transformer_object method of DataTransformation class
[2023-12-05 23:24:11,129] root - INFO - Got numerical cols from schema config
[2023-12-05 23:24:11,130] root - INFO - Initialized RobustScaler, Simple Imputer
[2023-12-05 23:24:11,130] root - INFO - Created preprocessor object from ColumnTransformer
[2023-12-05 23:24:11,130] root - INFO - Exited get_data_transformer_object method of DataTransformation class
[2023-12-05 23:24:11,130] root - INFO - Got the preprocessor object
[2023-12-05 23:24:12,023] root - INFO - Got train features and test features of Training dataset
[2023-12-05 23:24:12,030] root - INFO - Got train features and test features of Testing dataset
[2023-12-05 23:24:12,031] root - INFO - Applying preprocessing object on training dataframe and testing dataframe
[2023-12-05 23:24:12,407] root - INFO - Used the preprocessor object to fit transform the train features
[2023-12-05 23:24:12,440] root - INFO - Used the preprocessor object to transform the test features
[2023-12-05 23:24:12,440] root - INFO - Applying SMOTETomek on Training dataset
[2023-12-05 23:24:24,524] root - INFO - Applied SMOTETomek on training dataset
[2023-12-05 23:24:24,525] root - INFO - Applying SMOTETomek on testing dataset
[2023-12-05 23:24:27,832] root - INFO - Applied SMOTETomek on testing dataset
[2023-12-05 23:24:27,837] root - INFO - Created train array and test array
[2023-12-05 23:24:27,910] root - INFO - Entered the save_object method of MainUtils class
[2023-12-05 23:24:27,917] root - INFO - Exited the save_object method of MainUtils class
[2023-12-05 23:24:28,091] root - INFO - Saved the preprocessor object
[2023-12-05 23:24:28,091] root - INFO - Exited initiate_data_transformation method of Data_Transformation class
[2023-12-05 23:24:28,095] root - INFO - Performed the data transformation operation
[2023-12-05 23:24:28,095] root - INFO - Exited the start_data_transformation method of TrainPipeline class
[2023-12-05 23:24:28,095] root - INFO - Entering the start_model_trainer
